
info	2022-03-21 11:14:20	GET Request to /api/categories
info	2022-03-21 11:15:08	GET Request to /api/products-by-categoryId/1
info	2022-03-21 11:15:16	GET Request to /api/products-by-categoryId/2
info	2022-03-21 11:15:19	GET Request to /api/products-by-categoryId/3
info	2022-03-21 11:15:24	GET Request to /api/products-by-categoryId/4
info	2022-03-21 11:15:24	Resources with id 4 not found
info	2022-03-21 11:15:29	GET Request to /api/products-by-categoryId/1
info	2022-03-21 11:17:39	POST Request to /api/products/
error	2022-03-21 11:17:40	ER_WRONG_VALUE_COUNT_ON_ROW: Column count doesn't match value count at row 1
info	2022-03-21 11:18:23	GET Request to /api/products-by-categoryId/1
info	2022-03-21 11:18:29	POST Request to /api/products/
info	2022-03-21 11:18:34	GET Request to /api/products-by-categoryId/1
info	2022-03-21 11:19:12	POST Request to /api/products/
info	2022-03-21 11:19:41	DELETE Request to /api/products/6
info	2022-03-21 11:19:45	GET Request to /api/products-by-categoryId/1
info	2022-03-21 11:48:12	GET Request to /api/categories/
info	2022-03-21 11:48:35	GET Request to /api/categories/
info	2022-03-21 11:48:53	GET Request to /api/categories/
info	2022-03-21 11:48:56	GET Request to /api/categories/
info	2022-03-21 11:49:08	GET Request to /api/categories/
info	2022-03-21 11:49:56	GET Request to /api/categories/
info	2022-03-21 11:50:12	GET Request to /api/categories/
info	2022-03-21 11:50:15	GET Request to /api/categories/
info	2022-03-21 11:50:17	GET Request to /api/categories/
info	2022-03-21 11:50:24	GET Request to /api/categories/
info	2022-03-21 11:50:25	GET Request to /api/categories/
info	2022-03-21 11:51:10	GET Request to /api/categories/
info	2022-03-21 11:51:16	GET Request to /api/categories/
info	2022-03-21 11:51:17	GET Request to /api/categories/
info	2022-03-21 11:51:19	GET Request to /api/categories/
info	2022-03-21 11:51:33	GET Request to /api/categories/
info	2022-03-21 11:51:41	GET Request to /api/categories/
info	2022-03-21 11:51:46	GET Request to /api/categories/
info	2022-03-21 11:51:50	GET Request to /api/categories/
info	2022-03-21 11:51:51	GET Request to /api/categories/
info	2022-03-21 11:51:56	GET Request to /api/categories/
info	2022-03-21 11:52:06	GET Request to /api/categories/
info	2022-03-21 11:52:15	GET Request to /api/categories/
info	2022-03-21 11:52:21	GET Request to /api/categories/
info	2022-03-21 11:52:21	GET Request to /api/categories/
info	2022-03-21 11:52:24	GET Request to /api/categories/
info	2022-03-21 11:52:35	GET Request to /api/categories/
info	2022-03-21 11:52:36	GET Request to /api/categories/
info	2022-03-21 11:52:41	GET Request to /api/categories/
info	2022-03-21 11:52:50	GET Request to /api/categories/
info	2022-03-21 11:53:07	GET Request to /api/categories/
info	2022-03-21 11:53:09	GET Request to /api/categories/
info	2022-03-21 11:53:14	GET Request to /api/categories/
info	2022-03-21 11:53:16	GET Request to /api/categories/
info	2022-03-21 11:53:19	GET Request to /api/categories/
info	2022-03-21 11:53:22	GET Request to /api/categories/
info	2022-03-21 11:53:33	GET Request to /api/categories/
info	2022-03-21 11:53:33	GET Request to /api/categories/
info	2022-03-21 11:53:35	GET Request to /api/categories/
info	2022-03-21 11:53:56	GET Request to /api/categories/
info	2022-03-21 11:54:09	GET Request to /api/categories/
info	2022-03-21 11:54:13	GET Request to /api/categories/
info	2022-03-21 11:54:15	GET Request to /api/categories/
info	2022-03-21 11:54:20	GET Request to /api/categories/
info	2022-03-21 11:54:27	GET Request to /api/categories/
info	2022-03-21 11:54:32	GET Request to /api/categories/
info	2022-03-21 11:54:37	GET Request to /api/categories/
info	2022-03-21 11:54:38	GET Request to /api/categories/
info	2022-03-21 11:54:42	GET Request to /api/categories/
info	2022-03-21 11:55:12	GET Request to /api/categories/
info	2022-03-21 11:55:16	GET Request to /api/categories/
info	2022-03-21 11:55:19	GET Request to /api/categories/
info	2022-03-21 11:55:29	GET Request to /api/categories/
info	2022-03-21 11:55:31	GET Request to /api/products-by-categoryId/1
info	2022-03-21 11:55:34	GET Request to /api/products-by-categoryId/2
info	2022-03-21 11:55:35	GET Request to /api/products-by-categoryId/3
info	2022-03-21 11:55:37	GET Request to /api/products-by-categoryId/4
info	2022-03-21 11:55:37	Resources with id 4 not found
info	2022-03-21 11:55:39	GET Request to /api/products-by-categoryId/1
info	2022-03-21 11:55:41	GET Request to /api/products-by-categoryId/2
info	2022-03-21 11:56:20	GET Request to /api/products-by-categoryId/4
info	2022-03-21 11:56:20	Resources with id 4 not found
info	2022-03-21 11:57:54	GET Request to /api/products-by-categoryId/1
info	2022-03-21 11:58:34	GET Request to /api/categories/
info	2022-03-21 11:58:38	GET Request to /api/categories/
info	2022-03-21 11:58:47	GET Request to /api/categories/
info	2022-03-21 11:58:50	GET Request to /api/products-by-categoryId/1
info	2022-03-21 11:58:51	GET Request to /api/products-by-categoryId/2
info	2022-03-21 11:58:53	GET Request to /api/products-by-categoryId/3
info	2022-03-21 11:58:56	GET Request to /api/products-by-categoryId/4
info	2022-03-21 11:58:56	Resources with id 4 not found
info	2022-03-21 11:59:28	GET Request to /api/categories/
info	2022-03-21 12:00:26	GET Request to /api/categories/
info	2022-03-21 12:01:08	GET Request to /api/categories/
info	2022-03-21 12:01:10	GET Request to /api/categories/
info	2022-03-21 12:01:20	GET Request to /api/categories/
info	2022-03-21 12:01:22	GET Request to /api/categories/
info	2022-03-21 12:01:46	GET Request to /api/categories/
info	2022-03-21 12:01:46	GET Request to /api/categories/
info	2022-03-21 12:01:50	GET Request to /api/categories/
info	2022-03-21 12:02:03	GET Request to /api/categories/
info	2022-03-21 12:02:04	GET Request to /api/categories/
info	2022-03-21 12:02:07	GET Request to /api/categories/
info	2022-03-21 12:02:10	GET Request to /api/products-by-categoryId/1
info	2022-03-21 12:02:11	GET Request to /api/products-by-categoryId/2
info	2022-03-21 12:02:12	GET Request to /api/products-by-categoryId/3
info	2022-03-21 12:02:16	GET Request to /api/categories/
info	2022-03-21 12:02:46	GET Request to /api/categories/
info	2022-03-21 12:02:47	GET Request to /api/categories/
info	2022-03-21 12:02:50	GET Request to /api/categories/
info	2022-03-21 12:03:00	GET Request to /api/categories/
info	2022-03-21 12:03:00	GET Request to /api/categories/
info	2022-03-21 12:03:02	GET Request to /api/categories/
info	2022-03-21 12:03:04	GET Request to /api/products-by-categoryId/1
info	2022-03-21 12:03:06	GET Request to /api/products-by-categoryId/3
info	2022-03-21 12:03:07	GET Request to /api/products-by-categoryId/4
info	2022-03-21 12:03:07	Resources with id 4 not found
info	2022-03-21 12:03:10	GET Request to /api/categories/
info	2022-03-21 12:03:13	GET Request to /api/products-by-categoryId/1
info	2022-03-21 12:03:14	GET Request to /api/products-by-categoryId/3
info	2022-03-21 12:03:15	GET Request to /api/products-by-categoryId/4
info	2022-03-21 12:03:15	Resources with id 4 not found
info	2022-03-21 12:03:32	GET Request to /api/products-by-categoryId/1
info	2022-03-21 12:03:33	GET Request to /api/products-by-categoryId/3
info	2022-03-21 12:04:55	GET Request to /api/categories/
info	2022-03-21 12:04:55	GET Request to /api/categories/
info	2022-03-21 12:10:54	GET Request to /api/categories/
info	2022-03-21 12:10:56	GET Request to /api/products-by-categoryId/1
info	2022-03-21 12:27:30	GET Request to /api/categories/
info	2022-03-21 12:27:45	GET Request to /api/categories/
info	2022-03-21 12:27:48	GET Request to /api/categories/
info	2022-03-21 12:27:49	GET Request to /api/categories/
info	2022-03-21 12:28:50	GET Request to /api/categories/
info	2022-03-21 12:29:23	GET Request to /api/categories/
info	2022-03-21 12:29:33	GET Request to /api/categories/
info	2022-03-21 12:29:47	GET Request to /api/categories/
info	2022-03-21 12:29:53	GET Request to /api/categories/
info	2022-03-21 12:31:19	GET Request to /api/categories/
info	2022-03-21 12:31:19	GET Request to /api/categories/
info	2022-03-21 12:31:45	GET Request to /api/categories/
info	2022-03-21 12:32:03	GET Request to /api/categories/
info	2022-03-21 12:32:38	GET Request to /api/categories/
info	2022-03-21 12:32:39	GET Request to /api/categories/
info	2022-03-21 12:32:39	GET Request to /api/categories/
info	2022-03-21 12:32:39	GET Request to /api/categories/
info	2022-03-21 12:32:39	GET Request to /api/categories/
info	2022-03-21 12:32:48	GET Request to /api/categories/
info	2022-03-21 12:33:21	POST Request to /api/products/
info	2022-03-21 12:33:22	GET Request to /api/categories/
info	2022-03-21 12:33:25	GET Request to /api/products-by-categoryId/1
info	2022-03-21 12:33:27	DELETE Request to /api/products/7
info	2022-03-21 12:33:31	GET Request to /api/categories/
info	2022-03-21 12:33:35	GET Request to /api/products-by-categoryId/1
info	2022-03-21 12:33:39	GET Request to /api/categories/
info	2022-03-21 12:34:37	GET Request to /api/categories/
info	2022-03-21 12:34:42	GET Request to /api/categories/
info	2022-03-21 12:35:03	GET Request to /api/categories/
info	2022-03-21 12:35:06	GET Request to /api/categories/
info	2022-03-21 12:37:40	GET Request to /api/categories/
info	2022-03-21 12:37:42	GET Request to /api/products-by-categoryId/1
info	2022-03-21 12:37:44	GET Request to /api/products-by-categoryId/2
info	2022-03-21 12:37:46	GET Request to /api/categories/
info	2022-03-21 12:38:00	POST Request to /api/products/
info	2022-03-21 12:38:00	GET Request to /api/categories/
info	2022-03-21 12:38:03	GET Request to /api/categories/
info	2022-03-21 12:38:04	GET Request to /api/categories/
info	2022-03-21 12:38:06	GET Request to /api/categories/
info	2022-03-21 12:38:07	GET Request to /api/categories/
info	2022-03-21 12:38:10	GET Request to /api/products-by-categoryId/1
info	2022-03-21 12:38:13	GET Request to /api/products-by-categoryId/2
info	2022-03-21 12:38:17	DELETE Request to /api/products/8
info	2022-03-21 12:38:26	GET Request to /api/categories/
info	2022-03-21 12:38:29	GET Request to /api/products-by-categoryId/1
info	2022-03-21 12:38:31	GET Request to /api/products-by-categoryId/2
info	2022-03-21 12:39:56	GET Request to /api/categories/
info	2022-03-21 12:39:59	GET Request to /api/categories/
info	2022-03-21 12:40:14	GET Request to /api/products-by-categoryId/4
info	2022-03-21 12:40:14	Resources with id 4 not found
info	2022-03-21 12:41:20	GET Request to /api/categories/
info	2022-03-21 12:41:29	GET Request to /api/categories/
info	2022-03-21 12:43:00	GET Request to /api/categories/
info	2022-03-21 12:43:03	GET Request to /api/categories/
info	2022-03-21 12:43:06	GET Request to /api/categories/
info	2022-03-21 12:43:18	POST Request to /api/products/
info	2022-03-21 12:43:18	GET Request to /api/categories/
info	2022-03-21 12:43:26	GET Request to /api/products-by-categoryId/1
info	2022-03-21 12:43:29	DELETE Request to /api/products/9
info	2022-03-21 12:45:29	GET Request to /api/categories/
info	2022-03-21 12:47:04	GET Request to /api/categories/
info	2022-03-21 12:47:14	POST Request to /api/products/
info	2022-03-21 12:47:14	GET Request to /api/categories/
info	2022-03-21 12:47:17	GET Request to /api/products-by-categoryId/1
info	2022-03-21 12:47:26	DELETE Request to /api/products/10
info	2022-03-21 12:47:33	DELETE Request to /api/products/10
info	2022-03-21 12:47:33	Resource with id 10 not found.
info	2022-03-21 12:48:56	GET Request to /api/categories/
info	2022-03-21 12:49:03	GET Request to /api/categories/
info	2022-03-21 12:49:10	GET Request to /api/categories/
info	2022-03-21 12:49:12	GET Request to /api/categories/
info	2022-03-21 12:49:20	POST Request to /api/products/
info	2022-03-21 12:49:20	GET Request to /api/categories/
info	2022-03-21 12:49:22	GET Request to /api/products-by-categoryId/1
info	2022-03-21 12:49:29	DELETE Request to /api/products/11
info	2022-03-21 12:49:38	DELETE Request to /api/products/11
info	2022-03-21 12:49:38	Resource with id 11 not found.
info	2022-03-21 12:49:56	GET Request to /api/categories/
info	2022-03-21 12:50:01	GET Request to /api/categories/
info	2022-03-21 12:50:13	GET Request to /api/categories/
info	2022-03-21 12:50:16	GET Request to /api/categories/
info	2022-03-21 12:50:22	GET Request to /api/categories/
info	2022-03-21 12:50:25	GET Request to /api/categories/
info	2022-03-21 12:50:41	POST Request to /api/products/
info	2022-03-21 12:50:41	GET Request to /api/categories/
info	2022-03-21 12:50:43	GET Request to /api/products-by-categoryId/1
info	2022-03-21 12:50:55	DELETE Request to /api/products/12
info	2022-03-21 12:58:08	GET Request to /api/categories/
info	2022-03-21 12:58:12	GET Request to /api/categories/
info	2022-03-21 12:58:13	GET Request to /api/categories/
info	2022-03-21 12:58:24	GET Request to /api/categories/
info	2022-03-21 12:58:32	POST Request to /api/products/
info	2022-03-21 12:58:32	GET Request to /api/categories/
info	2022-03-21 12:58:40	GET Request to /api/categories/
info	2022-03-21 12:58:42	GET Request to /api/products-by-categoryId/1
info	2022-03-21 12:58:44	DELETE Request to /api/products/13
info	2022-03-21 12:59:09	GET Request to /api/categories/
info	2022-03-21 12:59:16	POST Request to /api/products/
info	2022-03-21 12:59:16	GET Request to /api/categories/
info	2022-03-21 12:59:21	GET Request to /api/products-by-categoryId/1
info	2022-03-21 12:59:22	DELETE Request to /api/products/14
info	2022-03-21 12:59:25	GET Request to /api/categories/
info	2022-03-21 12:59:26	GET Request to /api/categories/
info	2022-03-21 12:59:28	GET Request to /api/products-by-categoryId/1
info	2022-03-21 01:01:45	GET Request to /api/products-by-categoryId/4
info	2022-03-21 01:01:45	Resources with id 4 not found
info	2022-03-21 01:10:20	GET Request to /api/categories/
info	2022-03-21 01:10:27	GET Request to /api/categories/
info	2022-03-21 01:11:03	POST Request to /api/products/
info	2022-03-21 01:11:03	GET Request to /api/categories/
info	2022-03-21 01:11:41	GET Request to /api/categories/
info	2022-03-21 01:11:55	POST Request to /api/products/
info	2022-03-21 01:11:55	GET Request to /api/categories/
info	2022-03-21 01:17:36	GET Request to /api/categories/
info	2022-03-21 01:17:41	GET Request to /api/categories/
info	2022-03-21 01:18:07	GET Request to /api/categories/
info	2022-03-21 01:19:53	POST Request to /api/products/
info	2022-03-21 01:19:53	GET Request to /api/categories/
info	2022-03-21 01:21:36	GET Request to /api/categories/
info	2022-03-21 01:21:48	POST Request to /api/products/
info	2022-03-21 01:21:48	GET Request to /api/categories/
info	2022-03-21 01:22:29	GET Request to /api/categories/
info	2022-03-21 01:22:32	GET Request to /api/categories/
info	2022-03-21 01:22:52	POST Request to /api/products/
info	2022-03-21 01:22:52	GET Request to /api/categories/
info	2022-03-21 01:23:26	GET Request to /api/categories/
info	2022-03-21 01:25:13	GET Request to /api/categories/
info	2022-03-21 01:25:13	GET Request to /api/categories/
info	2022-03-21 01:43:45	GET Request to /api/categories/
info	2022-03-21 01:43:47	GET Request to /api/products-by-categoryId/1
info	2022-03-21 01:44:52	GET Request to /api/categories/
info	2022-03-21 01:44:54	GET Request to /api/products-by-categoryId/1
info	2022-03-21 01:45:24	GET Request to /api/categories/
info	2022-03-21 01:45:43	GET Request to /api/categories/
info	2022-03-21 01:45:58	GET Request to /api/categories/
info	2022-03-21 01:46:00	GET Request to /api/categories/
info	2022-03-21 01:46:03	GET Request to /api/categories/
info	2022-03-21 01:46:04	GET Request to /api/products-by-categoryId/1
info	2022-03-22 11:33:58	GET Request to /api/categories/
info	2022-03-22 11:33:59	GET Request to /api/categories/
info	2022-03-22 11:34:14	POST Request to /api/products/
info	2022-03-22 11:34:15	GET Request to /api/categories/
info	2022-03-22 11:34:17	GET Request to /api/products-by-categoryId/1
info	2022-03-22 11:34:20	DELETE Request to /api/products/20
info	2022-03-22 11:34:31	GET Request to /api/products-by-categoryId/2
info	2022-03-22 11:34:32	GET Request to /api/products-by-categoryId/1
info	2022-03-22 11:34:52	GET Request to /api/categories/
info	2022-03-22 11:34:55	GET Request to /api/categories/
info	2022-03-22 11:35:06	POST Request to /api/products/
info	2022-03-22 11:35:07	GET Request to /api/categories/
info	2022-03-22 11:35:09	GET Request to /api/products-by-categoryId/1
info	2022-03-22 11:35:11	DELETE Request to /api/products/21
info	2022-03-22 11:35:13	GET Request to /api/products-by-categoryId/2
info	2022-03-22 11:35:14	GET Request to /api/products-by-categoryId/1
info	2022-03-22 11:35:44	GET Request to /api/categories/
info	2022-03-22 11:35:52	GET Request to /api/categories/
info	2022-03-22 11:36:02	GET Request to /api/categories/
info	2022-03-22 11:36:19	GET Request to /api/categories/
info	2022-03-22 11:36:37	GET Request to /api/categories/
info	2022-03-22 11:36:37	GET Request to /api/categories/
info	2022-03-22 11:36:39	GET Request to /api/categories/
info	2022-03-22 11:36:42	GET Request to /api/categories/
info	2022-03-22 11:36:55	POST Request to /api/products/
info	2022-03-22 11:36:56	GET Request to /api/categories/
info	2022-03-22 11:36:59	GET Request to /api/products-by-categoryId/1
info	2022-03-22 11:37:01	DELETE Request to /api/products/22
info	2022-03-22 11:37:01	GET Request to /api/products-by-categoryId/22
info	2022-03-22 11:37:01	Resources with id 22 not found
info	2022-03-22 11:37:13	DELETE Request to /api/products/22
info	2022-03-22 11:37:13	Resource with id 22 not found.
info	2022-03-22 11:37:17	GET Request to /api/products-by-categoryId/2
info	2022-03-22 11:37:18	GET Request to /api/products-by-categoryId/1
info	2022-03-22 11:37:35	GET Request to /api/categories/
info	2022-03-22 11:37:41	GET Request to /api/categories/
info	2022-03-22 11:37:53	POST Request to /api/products/
info	2022-03-22 11:37:53	GET Request to /api/categories/
info	2022-03-22 11:38:00	GET Request to /api/products-by-categoryId/1
info	2022-03-22 11:38:02	DELETE Request to /api/products/23
info	2022-03-22 11:38:02	GET Request to /api/products-by-categoryId/23
info	2022-03-22 11:38:02	Resources with id 23 not found
info	2022-03-22 11:38:33	GET Request to /api/products-by-categoryId/4
info	2022-03-22 11:38:33	Resources with id 4 not found
info	2022-03-22 11:40:59	GET Request to /api/categories/
info	2022-03-22 11:41:01	GET Request to /api/categories/
info	2022-03-22 11:41:22	POST Request to /api/products/
info	2022-03-22 11:41:24	GET Request to /api/categories/
info	2022-03-22 11:41:25	GET Request to /api/products-by-categoryId/1
info	2022-03-22 11:41:31	DELETE Request to /api/products/24
info	2022-03-22 11:41:31	GET Request to /api/products-by-categoryId/24
info	2022-03-22 11:41:31	Resources with id 24 not found
info	2022-03-22 11:41:40	DELETE Request to /api/products/24
info	2022-03-22 11:41:40	Resource with id 24 not found.
info	2022-03-22 11:41:43	GET Request to /api/products-by-categoryId/4
info	2022-03-22 11:41:43	Resources with id 4 not found
info	2022-03-22 11:41:46	GET Request to /api/products-by-categoryId/2
info	2022-03-22 11:41:47	GET Request to /api/products-by-categoryId/3
info	2022-03-22 11:41:49	GET Request to /api/products-by-categoryId/4
info	2022-03-22 11:41:49	Resources with id 4 not found
info	2022-03-22 11:42:25	GET Request to /api/categories/
info	2022-03-22 11:42:41	GET Request to /api/categories/
info	2022-03-22 11:42:42	GET Request to /api/categories/
info	2022-03-22 11:42:48	GET Request to /api/categories/
info	2022-03-22 11:42:51	GET Request to /api/categories/
info	2022-03-22 11:42:55	GET Request to /api/categories/
info	2022-03-22 11:43:00	GET Request to /api/products-by-categoryId/1
info	2022-03-22 11:43:02	GET Request to /api/products-by-categoryId/4
info	2022-03-22 11:43:02	Resources with id 4 not found
info	2022-03-22 11:43:05	GET Request to /api/products-by-categoryId/3
info	2022-03-22 11:43:27	GET Request to /api/categories/
info	2022-03-22 11:43:30	GET Request to /api/categories/
info	2022-03-22 11:52:44	GET Request to /api/categories/
info	2022-03-22 11:52:48	GET Request to /api/categories/
info	2022-03-22 11:52:59	POST Request to /api/products/
info	2022-03-22 11:53:00	GET Request to /api/categories/
info	2022-03-22 11:53:03	GET Request to /api/products-by-categoryId/1
info	2022-03-22 11:53:06	DELETE Request to /api/products/25
info	2022-03-22 11:53:06	GET Request to /api/products-by-categoryId/25
info	2022-03-22 11:53:06	Resources with id 25 not found
info	2022-03-22 11:53:50	GET Request to /api/categories/
info	2022-03-22 11:54:07	GET Request to /api/categories/
info	2022-03-22 11:54:10	GET Request to /api/categories/
info	2022-03-22 11:54:21	POST Request to /api/products/
info	2022-03-22 11:54:21	GET Request to /api/categories/
info	2022-03-22 11:54:23	GET Request to /api/products-by-categoryId/1
info	2022-03-22 11:54:25	DELETE Request to /api/products/26
info	2022-03-22 11:54:27	GET Request to /api/categories/
info	2022-03-22 11:54:28	GET Request to /api/categories/
info	2022-03-22 11:54:30	GET Request to /api/products-by-categoryId/1
info	2022-03-22 11:56:12	GET Request to /api/categories/
info	2022-03-22 11:56:14	GET Request to /api/categories/
info	2022-03-22 11:56:25	GET Request to /api/categories/
info	2022-03-22 11:56:40	POST Request to /api/products/
info	2022-03-22 11:56:41	"fromDateTime" must be in ISO 8601 date format
info	2022-03-22 11:56:57	POST Request to /api/products/
info	2022-03-22 11:56:57	"fromDateTime" must be in ISO 8601 date format
info	2022-03-22 11:57:13	POST Request to /api/products/
info	2022-03-22 11:57:13	"fromDateTime" must be in ISO 8601 date format
info	2022-03-22 11:57:51	POST Request to /api/products/
info	2022-03-22 11:57:51	GET Request to /api/categories/
info	2022-03-22 11:58:20	GET Request to /api/products-by-categoryId/1
info	2022-03-22 11:58:25	DELETE Request to /api/products/27
info	2022-03-22 11:58:28	GET Request to /api/categories/
info	2022-03-22 11:58:40	POST Request to /api/products/
info	2022-03-22 11:58:40	"fromDateTime" must be in ISO 8601 date format
info	2022-03-22 11:58:53	GET Request to /api/categories/
info	2022-03-22 11:59:00	GET Request to /api/categories/
info	2022-03-22 11:59:15	POST Request to /api/products/
info	2022-03-22 11:59:16	GET Request to /api/categories/
info	2022-03-22 12:02:20	GET Request to /api/categories/
info	2022-03-22 12:02:22	GET Request to /api/categories/
info	2022-03-22 12:03:13	GET Request to /api/categories/
info	2022-03-22 12:03:14	GET Request to /api/products-by-categoryId/1
info	2022-03-22 12:03:16	DELETE Request to /api/products/28
info	2022-03-22 12:20:17	GET Request to /api/categories/
info	2022-03-22 12:20:22	GET Request to /api/categories/
info	2022-03-22 12:20:32	GET Request to /api/products-by-categoryId/1
info	2022-03-22 12:20:53	DELETE Request to /api/products/19
info	2022-03-22 12:20:56	GET Request to /api/products-by-categoryId/2
info	2022-03-22 12:21:35	GET Request to /api/categories/
info	2022-03-22 12:21:51	GET Request to /api/categories/
info	2022-03-22 12:21:57	GET Request to /api/categories/
info	2022-03-22 12:22:01	GET Request to /api/categories/
info	2022-03-22 12:22:08	GET Request to /api/categories/
info	2022-03-22 12:22:13	GET Request to /api/products-by-categoryId/1
info	2022-03-22 12:22:15	GET Request to /api/products-by-categoryId/2
info	2022-03-22 12:22:19	GET Request to /api/categories/
info	2022-03-22 12:22:31	POST Request to /api/products/
info	2022-03-22 12:22:32	GET Request to /api/categories/
info	2022-03-22 12:22:34	GET Request to /api/products-by-categoryId/1
info	2022-03-22 12:22:37	DELETE Request to /api/products/29
info	2022-03-22 12:22:45	GET Request to /api/categories/
info	2022-03-22 12:22:59	POST Request to /api/products/
info	2022-03-22 12:22:59	GET Request to /api/categories/
info	2022-03-22 12:23:02	GET Request to /api/products-by-categoryId/2
info	2022-03-22 12:23:04	DELETE Request to /api/products/30
info	2022-03-22 12:23:38	GET Request to /api/categories/
info	2022-03-22 12:23:51	GET Request to /api/categories/
info	2022-03-22 12:23:54	GET Request to /api/categories/
info	2022-03-22 12:23:55	GET Request to /api/categories/
info	2022-03-22 12:24:14	POST Request to /api/products/
info	2022-03-22 12:24:14	GET Request to /api/categories/
info	2022-03-22 12:24:16	GET Request to /api/products-by-categoryId/1
info	2022-03-22 12:24:19	DELETE Request to /api/products/31
info	2022-03-22 12:24:19	GET Request to /api/products-by-categoryId/1
info	2022-03-22 12:28:03	GET Request to /api/categories/
info	2022-03-22 12:28:45	GET Request to /api/categories/
info	2022-03-22 12:29:01	GET Request to /api/categories/
info	2022-03-22 02:54:22	GET Request to /api/categories/
info	2022-03-22 02:54:29	GET Request to /api/categories/
info	2022-03-22 02:55:12	GET Request to /api/categories/
info	2022-03-22 02:55:19	GET Request to /api/categories/
info	2022-03-22 02:55:23	GET Request to /api/categories/
info	2022-03-22 04:49:20	POST Request to /api/products/
info	2022-03-22 04:49:35	POST Request to /api/products/
info	2022-03-22 11:10:08	GET Request to /api/categories/
info	2022-03-22 11:10:10	GET Request to /api/products-by-categoryId/4
info	2022-03-22 11:10:10	Resources with id 4 not found
info	2022-03-22 11:14:55	GET Request to /api/categories/
info	2022-03-22 11:16:24	GET Request to /api/products-by-categoryId/2
info	2022-03-22 11:16:35	GET Request to /api/products-by-categoryId/4
info	2022-03-22 11:16:35	Resources with id 4 not found
info	2022-03-22 11:17:38	GET Request to /api/categories/
info	2022-03-22 11:18:14	GET Request to /api/categories/
info	2022-03-22 11:18:15	GET Request to /api/categories/
info	2022-03-22 11:19:35	GET Request to /api/categories/
info	2022-03-22 11:19:42	GET Request to /api/products-by-categoryId/3
info	2022-03-22 11:19:44	GET Request to /api/products-by-categoryId/4
info	2022-03-22 11:19:44	Resources with id 4 not found
info	2022-03-22 11:19:51	GET Request to /api/products-by-categoryId/3
info	2022-03-22 11:19:53	GET Request to /api/products-by-categoryId/4
info	2022-03-22 11:19:53	Resources with id 4 not found
info	2022-03-22 11:25:44	GET Request to /api/products-by-categoryId/3
info	2022-03-22 11:25:46	GET Request to /api/products-by-categoryId/4
info	2022-03-22 11:25:46	Resources with id 4 not found
info	2022-03-22 11:29:52	GET Request to /api/categories/
info	2022-03-22 11:29:54	GET Request to /api/products-by-categoryId/4
info	2022-03-22 11:29:54	Resources with id 4 not found
info	2022-03-23 12:46:40	GET Request to /api/categories/
info	2022-03-23 12:46:43	GET Request to /api/products-by-categoryId/1
info	2022-03-23 12:46:44	GET Request to /api/products-by-categoryId/2
info	2022-03-23 12:46:46	GET Request to /api/products-by-categoryId/3
info	2022-03-23 12:46:47	GET Request to /api/products-by-categoryId/4
info	2022-03-23 12:46:47	Resources with id 4 not found
info	2022-03-23 12:46:52	GET Request to /api/categories/
info	2022-03-23 12:46:58	GET Request to /api/categories/
info	2022-03-23 12:47:00	GET Request to /api/products-by-categoryId/2
info	2022-03-23 12:47:01	GET Request to /api/products-by-categoryId/1
info	2022-03-23 12:49:11	GET Request to /api/categories/
info	2022-03-23 12:49:25	GET Request to /api/categories/
info	2022-03-23 12:49:27	GET Request to /api/products-by-categoryId/1
info	2022-03-23 12:49:53	GET Request to /api/categories/
info	2022-03-23 12:49:57	GET Request to /api/categories/
info	2022-03-23 12:49:57	GET Request to /api/categories/
info	2022-03-23 12:50:10	GET Request to /api/categories/
info	2022-03-23 12:50:50	GET Request to /api/categories/
info	2022-03-23 12:51:15	GET Request to /api/categories/
info	2022-03-23 12:51:16	GET Request to /api/categories/
info	2022-03-23 12:51:17	GET Request to /api/categories/
info	2022-03-23 12:51:24	GET Request to /api/categories/
info	2022-03-23 12:51:28	GET Request to /api/products-by-categoryId/1
info	2022-03-23 12:51:33	DELETE Request to /api/products/16
info	2022-03-23 12:51:34	GET Request to /api/products-by-categoryId/1
